{
  "stats": {
    "suites": 3,
    "tests": 7,
    "passes": 7,
    "pending": 0,
    "failures": 0,
    "start": "2023-06-26T01:03:10.169Z",
    "end": "2023-06-26T01:03:11.261Z",
    "duration": 1092,
    "testsRegistered": 7,
    "passPercent": 100,
    "pendingPercent": 0,
    "other": 0,
    "hasOther": false,
    "skipped": 0,
    "hasSkipped": false
  },
  "results": [
    {
      "uuid": "d7eb2204-8f2e-459d-8380-90cc4cb4b36f",
      "title": "",
      "fullFile": "E:\\Sanbercode\\sanbermocha\\test\\spec\\updateUnit.spec.js",
      "file": "\\test\\spec\\updateUnit.spec.js",
      "beforeHooks": [],
      "afterHooks": [],
      "tests": [],
      "suites": [
        {
          "uuid": "1403c9ed-0b21-4ba3-99f0-6ffd6e290ba0",
          "title": "User - Update User",
          "fullFile": "E:\\Sanbercode\\sanbermocha\\test\\spec\\updateUnit.spec.js",
          "file": "\\test\\spec\\updateUnit.spec.js",
          "beforeHooks": [
            {
              "title": "\"before all\" hook in \"User - Update User\"",
              "fullTitle": "User - Update User \"before all\" hook in \"User - Update User\"",
              "timedOut": false,
              "duration": 548,
              "state": null,
              "speed": null,
              "pass": false,
              "fail": false,
              "pending": false,
              "context": null,
              "code": "const responseAuthLogin = await request(baseUrl)\n.post(\"/authentications\")\n.send({ email: \"tokop@edi.com\", password: \"larismanis\"})\nbearerToken = (responseAuthLogin.body.data.accessToken);",
              "err": {},
              "uuid": "fbb8d29b-01d4-4f09-8dc0-a2e868128fab",
              "parentUUID": "1403c9ed-0b21-4ba3-99f0-6ffd6e290ba0",
              "isHook": true,
              "skipped": false
            }
          ],
          "afterHooks": [],
          "tests": [],
          "suites": [
            {
              "uuid": "2dba832c-24b9-48a0-9848-b945bb742404",
              "title": "Positive Case - Update using valid user ID",
              "fullFile": "E:\\Sanbercode\\sanbermocha\\test\\spec\\updateUnit.spec.js",
              "file": "\\test\\spec\\updateUnit.spec.js",
              "beforeHooks": [
                {
                  "title": "\"before all\" hook in \"Positive Case - Update using valid user ID\"",
                  "fullTitle": "User - Update User Positive Case - Update using valid user ID \"before all\" hook in \"Positive Case - Update using valid user ID\"",
                  "timedOut": false,
                  "duration": 203,
                  "state": null,
                  "speed": null,
                  "pass": false,
                  "fail": false,
                  "pending": false,
                  "context": null,
                  "code": "const responseGetUserList = await request(baseUrl)\n.get(\"/users\")\n.set(\"Authorization\", `Bearer ${bearerToken}`)\n//.query({q: \"toko\"})\nbody = responseGetUserList.body;\nlet randomArrUser = Math.floor(Math.random()*body.data.users.length);\nuserID = body.data.users[randomArrUser].id;",
                  "err": {},
                  "uuid": "7e47936b-177d-4324-ac7a-4c0ed2e51490",
                  "parentUUID": "2dba832c-24b9-48a0-9848-b945bb742404",
                  "isHook": true,
                  "skipped": false
                },
                {
                  "title": "\"before all\" hook in \"Positive Case - Update using valid user ID\"",
                  "fullTitle": "User - Update User Positive Case - Update using valid user ID \"before all\" hook in \"Positive Case - Update using valid user ID\"",
                  "timedOut": false,
                  "duration": 159,
                  "state": null,
                  "speed": null,
                  "pass": false,
                  "fail": false,
                  "pending": false,
                  "context": null,
                  "code": "const responseUpdateUser = await request(baseUrl)\n.put(`/users/${userID}`)\n.set(\"Authorization\", `Bearer ${bearerToken}`)\n.send({\n    \"name\": `Update name ${userID}`,\n    \"email\": `user${userID}@update.com`,\n})\nstatusCode = responseUpdateUser.status;\nbody = responseUpdateUser.body;",
                  "err": {},
                  "uuid": "54c946ac-4e1a-4fa2-9582-744562f837fd",
                  "parentUUID": "2dba832c-24b9-48a0-9848-b945bb742404",
                  "isHook": true,
                  "skipped": false
                }
              ],
              "afterHooks": [],
              "tests": [
                {
                  "title": "Response status is 200",
                  "fullTitle": "User - Update User Positive Case - Update using valid user ID Response status is 200",
                  "timedOut": false,
                  "duration": 0,
                  "state": "passed",
                  "speed": "fast",
                  "pass": true,
                  "fail": false,
                  "pending": false,
                  "context": null,
                  "code": "expect(statusCode).to.equal(200);",
                  "err": {},
                  "uuid": "5db4beb1-6442-4bba-bd34-4e4faa0fb7c0",
                  "parentUUID": "2dba832c-24b9-48a0-9848-b945bb742404",
                  "isHook": false,
                  "skipped": false
                },
                {
                  "title": "Response body status is Success",
                  "fullTitle": "User - Update User Positive Case - Update using valid user ID Response body status is Success",
                  "timedOut": false,
                  "duration": 0,
                  "state": "passed",
                  "speed": "fast",
                  "pass": true,
                  "fail": false,
                  "pending": false,
                  "context": null,
                  "code": "expect(body.status).to.equal(\"success\");",
                  "err": {},
                  "uuid": "d5e53b12-dfb7-4a8d-9d2f-353cc8e17d04",
                  "parentUUID": "2dba832c-24b9-48a0-9848-b945bb742404",
                  "isHook": false,
                  "skipped": false
                },
                {
                  "title": "Response message is success",
                  "fullTitle": "User - Update User Positive Case - Update using valid user ID Response message is success",
                  "timedOut": false,
                  "duration": 0,
                  "state": "passed",
                  "speed": "fast",
                  "pass": true,
                  "fail": false,
                  "pending": false,
                  "context": null,
                  "code": "expect(body.message).to.equal(\"User berhasil diupdate\");",
                  "err": {},
                  "uuid": "24291d73-84ea-4f69-9da4-4682bbfba995",
                  "parentUUID": "2dba832c-24b9-48a0-9848-b945bb742404",
                  "isHook": false,
                  "skipped": false
                },
                {
                  "title": "Users name is contains \"Update name\"",
                  "fullTitle": "User - Update User Positive Case - Update using valid user ID Users name is contains \"Update name\"",
                  "timedOut": false,
                  "duration": 1,
                  "state": "passed",
                  "speed": "fast",
                  "pass": true,
                  "fail": false,
                  "pending": false,
                  "context": null,
                  "code": "expect(body.data.name).to.include(\"Update name\");",
                  "err": {},
                  "uuid": "e7b5bef0-2b74-4a9a-891c-955c4b17aace",
                  "parentUUID": "2dba832c-24b9-48a0-9848-b945bb742404",
                  "isHook": false,
                  "skipped": false
                }
              ],
              "suites": [],
              "passes": [
                "5db4beb1-6442-4bba-bd34-4e4faa0fb7c0",
                "d5e53b12-dfb7-4a8d-9d2f-353cc8e17d04",
                "24291d73-84ea-4f69-9da4-4682bbfba995",
                "e7b5bef0-2b74-4a9a-891c-955c4b17aace"
              ],
              "failures": [],
              "pending": [],
              "skipped": [],
              "duration": 1,
              "root": false,
              "rootEmpty": false,
              "_timeout": 2000
            },
            {
              "uuid": "b951cefc-c950-47f4-a98b-d406029e7f35",
              "title": "Negative Case - Update using invalid user ID",
              "fullFile": "E:\\Sanbercode\\sanbermocha\\test\\spec\\updateUnit.spec.js",
              "file": "\\test\\spec\\updateUnit.spec.js",
              "beforeHooks": [
                {
                  "title": "\"before all\" hook in \"Negative Case - Update using invalid user ID\"",
                  "fullTitle": "User - Update User Negative Case - Update using invalid user ID \"before all\" hook in \"Negative Case - Update using invalid user ID\"",
                  "timedOut": false,
                  "duration": 166,
                  "state": null,
                  "speed": null,
                  "pass": false,
                  "fail": false,
                  "pending": false,
                  "context": null,
                  "code": "const responseUpdateUser = await request(baseUrl)\n.put(\"/users/1\")\n.set(\"Authorization\", `Bearer ${bearerToken}`)\n.send({\n    \"name\": \"Update name\",\n    \"email\": \"user@update.com\",\n})\nstatusCode = responseUpdateUser.status;\nbody = responseUpdateUser.body;",
                  "err": {},
                  "uuid": "b5f03fae-a10c-4a82-9a7b-67817a96e339",
                  "parentUUID": "b951cefc-c950-47f4-a98b-d406029e7f35",
                  "isHook": true,
                  "skipped": false
                }
              ],
              "afterHooks": [],
              "tests": [
                {
                  "title": "Response status is 404",
                  "fullTitle": "User - Update User Negative Case - Update using invalid user ID Response status is 404",
                  "timedOut": false,
                  "duration": 0,
                  "state": "passed",
                  "speed": "fast",
                  "pass": true,
                  "fail": false,
                  "pending": false,
                  "context": null,
                  "code": "expect(statusCode).to.equal(404);",
                  "err": {},
                  "uuid": "b50ebdf9-8e77-447c-91ac-aab43ba2222f",
                  "parentUUID": "b951cefc-c950-47f4-a98b-d406029e7f35",
                  "isHook": false,
                  "skipped": false
                },
                {
                  "title": "Response body status is Fail",
                  "fullTitle": "User - Update User Negative Case - Update using invalid user ID Response body status is Fail",
                  "timedOut": false,
                  "duration": 0,
                  "state": "passed",
                  "speed": "fast",
                  "pass": true,
                  "fail": false,
                  "pending": false,
                  "context": null,
                  "code": "expect(body.status).to.equal(\"fail\");",
                  "err": {},
                  "uuid": "b28267b0-fd47-434a-a2e9-6bf07b9a21f1",
                  "parentUUID": "b951cefc-c950-47f4-a98b-d406029e7f35",
                  "isHook": false,
                  "skipped": false
                },
                {
                  "title": "Response message is fail",
                  "fullTitle": "User - Update User Negative Case - Update using invalid user ID Response message is fail",
                  "timedOut": false,
                  "duration": 0,
                  "state": "passed",
                  "speed": "fast",
                  "pass": true,
                  "fail": false,
                  "pending": false,
                  "context": null,
                  "code": "expect(body.message).to.equal(\"id tidak valid\");",
                  "err": {},
                  "uuid": "39ef7494-431e-4017-89a4-c72854b34891",
                  "parentUUID": "b951cefc-c950-47f4-a98b-d406029e7f35",
                  "isHook": false,
                  "skipped": false
                }
              ],
              "suites": [],
              "passes": [
                "b50ebdf9-8e77-447c-91ac-aab43ba2222f",
                "b28267b0-fd47-434a-a2e9-6bf07b9a21f1",
                "39ef7494-431e-4017-89a4-c72854b34891"
              ],
              "failures": [],
              "pending": [],
              "skipped": [],
              "duration": 0,
              "root": false,
              "rootEmpty": false,
              "_timeout": 2000
            }
          ],
          "passes": [],
          "failures": [],
          "pending": [],
          "skipped": [],
          "duration": 0,
          "root": false,
          "rootEmpty": false,
          "_timeout": 2000
        }
      ],
      "passes": [],
      "failures": [],
      "pending": [],
      "skipped": [],
      "duration": 0,
      "root": true,
      "rootEmpty": true,
      "_timeout": 2000
    }
  ],
  "meta": {
    "mocha": {
      "version": "10.2.0"
    },
    "mochawesome": {
      "options": {
        "quiet": false,
        "reportFilename": "mochawesome",
        "saveHtml": true,
        "saveJson": true,
        "consoleReporter": "spec",
        "useInlineDiffs": false,
        "code": true
      },
      "version": "7.1.3"
    },
    "marge": {
      "options": null,
      "version": "6.2.0"
    }
  }
}